0
2
3
4
5
9
15
17
22
25
31
32
33
34
39
48
49
54
55
67
71
72
74
79
81
82
83
94
96
108
122
130
132
138
139
140
143
145
158
164
167
168
183
191
198
202
216
225
227
230
234
235
266
267
279
286
287
312
319
334
335
340
348
365
400
418
419
436
444
448
456
472
480
487
506
509
531
532
554
574
577
588
597
613
627
628
655
661
672
718
748
750
760
779
788
789
795
796
799
801
811
820
826
856
862
878
884
900
909
922
932
935
938
947
950
958
959
962
964
966
968
970
971
976
982
985
989
990
991
992
995
997
998
999
